0 info it worked if it ends with ok
1 verbose cli [ '/Users/scottthorpe/.nvm/versions/node/v6.0.0/bin/node',
1 verbose cli   '/Users/scottthorpe/.nvm/versions/node/v6.0.0/bin/npm',
1 verbose cli   'whoami' ]
2 info using npm@3.8.6
3 info using node@v6.0.0
4 verbose stack Error: this command requires you to be logged in.
4 verbose stack     at EventEmitter.whoami (/Users/scottthorpe/.nvm/versions/node/v6.0.0/lib/node_modules/npm/lib/whoami.js:41:18)
4 verbose stack     at Object.commandCache.(anonymous function) (/Users/scottthorpe/.nvm/versions/node/v6.0.0/lib/node_modules/npm/lib/npm.js:114:13)
4 verbose stack     at EventEmitter.<anonymous> (/Users/scottthorpe/.nvm/versions/node/v6.0.0/lib/node_modules/npm/bin/npm-cli.js:74:30)
4 verbose stack     at _combinedTickCallback (internal/process/next_tick.js:67:7)
4 verbose stack     at process._tickCallback (internal/process/next_tick.js:98:9)
5 verbose cwd /Users/scottthorpe/Desktop/htm-project
6 error Darwin 16.7.0
7 error argv "/Users/scottthorpe/.nvm/versions/node/v6.0.0/bin/node" "/Users/scottthorpe/.nvm/versions/node/v6.0.0/bin/npm" "whoami"
8 error node v6.0.0
9 error npm  v3.8.6
10 error code ENEEDAUTH
11 error need auth this command requires you to be logged in.
12 error need auth You need to authorize this machine using `npm adduser`
13 verbose exit [ 1, true ]
